[2025-11-20T12:25:16.325638+01:00] app.INFO: Conexión con base de datos establecida correctamente [] []
[2025-11-20T12:26:24.628566+01:00] app.INFO: Conexión con base de datos establecida correctamente {"archivo:":"bbdd.php"} []
[2025-11-20T12:26:59.006836+01:00] app.INFO: Conexión con base de datos establecida correctamente {"archivo:":"bbdd.php"} []
[2025-11-20T12:27:13.038672+01:00] app.ERROR: Fallo en el constructor creando el objeto PDO [] []
[2025-11-20T12:28:01.911685+01:00] app.ERROR: Fallo en el constructor creando el objeto PDO [] []
[2025-11-20T12:28:01.913450+01:00] app.ERROR: could not find driver {"archivo:":"bbdd.php"} []
[2025-11-20T12:28:24.322226+01:00] app.ERROR: Fallo en el constructor creando el objeto PDO [] []
[2025-11-20T12:28:24.324423+01:00] app.ERROR: SQLSTATE[HY000] [1049] Unknown database 'nigga' {"archivo:":"bbdd.php"} []
[2025-11-20T12:28:33.315984+01:00] app.INFO: Conexión con base de datos establecida correctamente {"archivo:":"bbdd.php"} []
[2025-11-20T12:35:17.566932+01:00] app.INFO: Conexión con base de datos establecida correctamente {"archivo:":"bbdd.php"} []
[2025-11-20T12:49:06.445187+01:00] app.INFO: Conexión con base de datos establecida correctamente {"archivo:":"bbdd.php"} []
[2025-11-20T12:49:06.447264+01:00] app.ERROR: Fallot en el login [] []
[2025-11-20T12:49:06.447474+01:00] app.ERROR: SQLSTATE[HY093]: Invalid parameter number: number of bound variables does not match number of tokens {"archivo:":"bbdd.php"} []
[2025-11-20T12:50:14.591881+01:00] app.INFO: Conexión con base de datos establecida correctamente {"archivo:":"bbdd.php"} []
[2025-11-20T12:50:20.790351+01:00] app.INFO: Conexión con base de datos establecida correctamente {"archivo:":"bbdd.php"} []
[2025-11-20T12:50:20.792235+01:00] app.ERROR: Fallo en el login [] []
[2025-11-20T12:50:20.792467+01:00] app.ERROR: SQLSTATE[HY093]: Invalid parameter number: parameter was not defined {"archivo:":"bbdd.php"} []
[2025-11-20T12:52:38.954022+01:00] app.INFO: Conexión con base de datos establecida correctamente {"archivo:":"bbdd.php"} []
[2025-11-20T12:52:45.226367+01:00] app.INFO: Conexión con base de datos establecida correctamente {"archivo:":"bbdd.php"} []
[2025-11-20T12:52:45.228382+01:00] app.ERROR: Fallo en el login [] []
[2025-11-20T12:52:45.228698+01:00] app.ERROR: SQLSTATE[HY093]: Invalid parameter number: parameter was not defined {"archivo:":"bbdd.php"} []
[2025-11-20T12:53:26.760615+01:00] app.INFO: Conexión con base de datos establecida correctamente {"archivo:":"bbdd.php"} []
[2025-11-20T12:53:26.762983+01:00] app.INFO: Usuario  logeado {"archivo:":"bbdd.php"} []
[2025-11-20T12:55:01.203911+01:00] app.INFO: Conexión con base de datos establecida correctamente {"archivo:":"bbdd.php"} []
[2025-11-20T12:56:18.505959+01:00] app.INFO: Conexión con base de datos establecida correctamente {"archivo:":"bbdd.php"} []
[2025-11-20T12:56:18.508544+01:00] app.INFO: Usuario  logeado {"archivo:":"bbdd.php"} []
[2025-11-20T12:57:52.052666+01:00] app.INFO: Conexión con base de datos establecida correctamente {"archivo:":"bbdd.php"} []
[2025-11-20T12:57:56.125396+01:00] app.INFO: Conexión con base de datos establecida correctamente {"archivo:":"bbdd.php"} []
[2025-11-20T12:57:56.128685+01:00] app.INFO: Usuario  logeado {"archivo:":"bbdd.php"} []
[2025-11-20T12:58:23.687333+01:00] app.INFO: Conexión con base de datos establecida correctamente {"archivo:":"bbdd.php"} []
[2025-11-20T12:58:23.689510+01:00] app.INFO: Usuario m.gomez logeado {"archivo:":"bbdd.php"} []
[2025-11-20T12:58:31.461719+01:00] app.INFO: Conexión con base de datos establecida correctamente {"archivo:":"bbdd.php"} []
[2025-11-20T12:58:35.688225+01:00] app.INFO: Conexión con base de datos establecida correctamente {"archivo:":"bbdd.php"} []
[2025-11-20T12:58:35.690892+01:00] app.INFO: Usuario salcjicha logeado {"archivo:":"bbdd.php"} []
[2025-11-20T13:01:02.869284+01:00] app.INFO: Conexión con base de datos establecida correctamente {"archivo:":"bbdd.php"} []
[2025-11-20T13:01:05.613787+01:00] app.INFO: Conexión con base de datos establecida correctamente {"archivo:":"bbdd.php"} []
[2025-11-20T13:01:05.615614+01:00] app.INFO: Usuario tista logeado {"archivo:":"bbdd.php"} []
[2025-11-20T13:06:31.589440+01:00] app.INFO: Conexión con base de datos establecida correctamente {"archivo:":"bbdd.php"} []
[2025-11-20T13:06:37.180016+01:00] app.INFO: Conexión con base de datos establecida correctamente {"archivo:":"bbdd.php"} []
[2025-11-20T13:06:37.182307+01:00] app.INFO: Usuario m.gomez logeado {"archivo:":"bbdd.php"} []
[2025-11-20T13:06:41.417701+01:00] app.INFO: Conexión con base de datos establecida correctamente {"archivo:":"bbdd.php"} []
[2025-11-20T13:06:41.419766+01:00] app.INFO: Usuario m.tista logeado {"archivo:":"bbdd.php"} []
[2025-11-20T13:06:46.023696+01:00] app.INFO: Conexión con base de datos establecida correctamente {"archivo:":"bbdd.php"} []
[2025-11-20T13:06:46.025619+01:00] app.INFO: Usuario m.gomez logeado {"archivo:":"bbdd.php"} []
[2025-11-20T13:11:36.541251+01:00] app.INFO: Conexión con base de datos establecida correctamente {"archivo:":"bbdd.php"} []
[2025-11-20T13:12:07.011389+01:00] app.INFO: Conexión con base de datos establecida correctamente {"archivo:":"bbdd.php"} []
[2025-11-20T13:12:12.273199+01:00] app.INFO: Conexión con base de datos establecida correctamente {"archivo:":"bbdd.php"} []
[2025-11-20T13:12:12.274991+01:00] app.INFO: Usuario tista logeado {"archivo:":"bbdd.php"} []
[2025-11-20T13:15:05.224993+01:00] app.INFO: Conexión con base de datos establecida correctamente {"archivo:":"bbdd.php"} []
[2025-11-20T13:15:41.478656+01:00] app.INFO: Conexión con base de datos establecida correctamente {"archivo:":"bbdd.php"} []
[2025-11-20T13:15:43.740398+01:00] app.INFO: Conexión con base de datos establecida correctamente {"archivo:":"bbdd.php"} []
[2025-11-20T13:15:43.742292+01:00] app.INFO: Usuario 123 logeado {"archivo:":"bbdd.php"} []
[2025-11-20T13:15:50.618996+01:00] app.INFO: Conexión con base de datos establecida correctamente {"archivo:":"bbdd.php"} []
[2025-11-20T13:15:50.620784+01:00] app.INFO: Usuario m.gomez logeado {"archivo:":"bbdd.php"} []
[2025-11-20T13:15:54.265811+01:00] app.INFO: Conexión con base de datos establecida correctamente {"archivo:":"bbdd.php"} []
[2025-11-20T13:15:54.267608+01:00] app.INFO: Usuario tasd logeado {"archivo:":"bbdd.php"} []
[2025-11-20T13:15:56.814544+01:00] app.INFO: Conexión con base de datos establecida correctamente {"archivo:":"bbdd.php"} []
[2025-11-20T13:15:56.816494+01:00] app.INFO: Usuario m.gomez logeado {"archivo:":"bbdd.php"} []
[2025-11-20T13:16:03.142807+01:00] app.INFO: Conexión con base de datos establecida correctamente {"archivo:":"bbdd.php"} []
[2025-11-20T13:16:03.145033+01:00] app.INFO: Usuario m.gomez logeado {"archivo:":"bbdd.php"} []
[2025-11-20T13:16:16.657140+01:00] app.INFO: Conexión con base de datos establecida correctamente {"archivo:":"bbdd.php"} []
[2025-11-20T13:16:16.659108+01:00] app.INFO: Usuario m.gomez logeado {"archivo:":"bbdd.php"} []
[2025-11-20T13:16:24.793199+01:00] app.INFO: Conexión con base de datos establecida correctamente {"archivo:":"bbdd.php"} []
[2025-11-20T13:16:24.795086+01:00] app.INFO: Usuario m.gomez logeado {"archivo:":"bbdd.php"} []
[2025-11-20T13:16:29.319975+01:00] app.INFO: Conexión con base de datos establecida correctamente {"archivo:":"bbdd.php"} []
[2025-11-20T13:26:00.637484+01:00] app.INFO: Conexión con base de datos establecida correctamente {"archivo:":"bbdd.php"} []
[2025-11-20T13:26:00.654152+01:00] app.INFO: Conexión con base de datos establecida correctamente {"archivo:":"bbdd.php"} []
[2025-11-20T13:33:25.456626+01:00] app.INFO: Conexión con base de datos establecida correctamente {"archivo:":"bbdd.php"} []
[2025-11-20T13:33:25.473704+01:00] app.INFO: Conexión con base de datos establecida correctamente {"archivo:":"bbdd.php"} []
[2025-11-20T13:33:45.260227+01:00] app.INFO: Conexión con base de datos establecida correctamente {"archivo:":"bbdd.php"} []
[2025-11-20T13:34:56.725629+01:00] app.INFO: Conexión con base de datos establecida correctamente {"archivo:":"bbdd.php"} []
[2025-11-20T13:51:45.449140+01:00] app.INFO: Conexión con base de datos establecida correctamente {"archivo:":"bbdd.php"} []
[2025-11-20T13:51:45.466642+01:00] app.INFO: Conexión con base de datos establecida correctamente {"archivo:":"bbdd.php"} []
[2025-11-20T13:54:17.365098+01:00] app.INFO: Conexión con base de datos establecida correctamente {"archivo:":"bbdd.php"} []
[2025-11-20T13:54:17.399434+01:00] app.INFO: Conexión con base de datos establecida correctamente {"archivo:":"bbdd.php"} []
[2025-11-20T13:54:35.266717+01:00] app.INFO: Conexión con base de datos establecida correctamente {"archivo:":"bbdd.php"} []
[2025-11-20T13:54:40.890218+01:00] app.INFO: Conexión con base de datos establecida correctamente {"archivo:":"bbdd.php"} []
[2025-11-20T13:54:40.969918+01:00] app.INFO: Conexión con base de datos establecida correctamente {"archivo:":"bbdd.php"} []
[2025-11-20T13:55:39.112402+01:00] app.INFO: Conexión con base de datos establecida correctamente {"archivo:":"bbdd.php"} []
[2025-11-20T13:55:46.019412+01:00] app.INFO: Conexión con base de datos establecida correctamente {"archivo:":"bbdd.php"} []
[2025-11-20T13:55:46.108627+01:00] app.INFO: Conexión con base de datos establecida correctamente {"archivo:":"bbdd.php"} []
[2025-11-20T13:57:03.930012+01:00] app.INFO: Conexión con base de datos establecida correctamente {"archivo:":"bbdd.php"} []
[2025-11-20T13:57:07.926785+01:00] app.INFO: Conexión con base de datos establecida correctamente {"archivo:":"bbdd.php"} []
[2025-11-20T13:57:08.020848+01:00] app.INFO: Conexión con base de datos establecida correctamente {"archivo:":"bbdd.php"} []
[2025-11-20T14:02:20.618653+01:00] app.INFO: Conexión con base de datos establecida correctamente {"archivo:":"bbdd.php"} []
[2025-11-20T14:02:23.303069+01:00] app.INFO: Conexión con base de datos establecida correctamente {"archivo:":"bbdd.php"} []
[2025-11-20T14:08:38.739819+01:00] app.INFO: Conexión con base de datos establecida correctamente {"archivo:":"bbdd.php"} []
[2025-11-20T14:08:40.186877+01:00] app.INFO: Conexión con base de datos establecida correctamente {"archivo:":"bbdd.php"} []
[2025-11-20T14:08:40.434604+01:00] app.INFO: Conexión con base de datos establecida correctamente {"archivo:":"bbdd.php"} []
[2025-11-20T14:08:40.577810+01:00] app.INFO: Conexión con base de datos establecida correctamente {"archivo:":"bbdd.php"} []
[2025-11-20T14:14:30.955846+01:00] app.INFO: Conexión con base de datos establecida correctamente {"archivo:":"bbdd.php"} []
[2025-11-20T14:14:31.848267+01:00] app.INFO: Conexión con base de datos establecida correctamente {"archivo:":"bbdd.php"} []
[2025-11-20T14:16:44.942519+01:00] app.INFO: Conexión con base de datos establecida correctamente {"archivo:":"bbdd.php"} []
[2025-11-20T14:16:45.974498+01:00] app.INFO: Conexión con base de datos establecida correctamente {"archivo:":"bbdd.php"} []
[2025-11-20T14:26:38.031108+01:00] app.INFO: Conexión con base de datos establecida correctamente {"archivo:":"bbdd.php"} []
[2025-11-20T14:27:05.272703+01:00] app.INFO: Conexión con base de datos establecida correctamente {"archivo:":"bbdd.php"} []
[2025-11-20T14:27:45.584001+01:00] app.INFO: Conexión con base de datos establecida correctamente {"archivo:":"bbdd.php"} []
[2025-11-20T14:28:28.348421+01:00] app.INFO: Conexión con base de datos establecida correctamente {"archivo:":"bbdd.php"} []
[2025-11-20T14:28:34.166499+01:00] app.INFO: Conexión con base de datos establecida correctamente {"archivo:":"bbdd.php"} []
[2025-11-20T14:29:12.271942+01:00] app.INFO: Conexión con base de datos establecida correctamente {"archivo:":"bbdd.php"} []
[2025-11-20T14:29:30.544923+01:00] app.INFO: Conexión con base de datos establecida correctamente {"archivo:":"bbdd.php"} []
[2025-11-20T14:29:30.599957+01:00] app.INFO: Conexión con base de datos establecida correctamente {"archivo:":"bbdd.php"} []
[2025-11-20T14:29:47.379157+01:00] app.INFO: Conexión con base de datos establecida correctamente {"archivo:":"bbdd.php"} []
[2025-11-20T14:29:53.138077+01:00] app.INFO: Conexión con base de datos establecida correctamente {"archivo:":"bbdd.php"} []
[2025-11-20T14:29:53.208994+01:00] app.INFO: Conexión con base de datos establecida correctamente {"archivo:":"bbdd.php"} []
[2025-11-20T14:30:04.931568+01:00] app.INFO: Conexión con base de datos establecida correctamente {"archivo:":"bbdd.php"} []
[2025-11-20T14:30:11.314592+01:00] app.INFO: Conexión con base de datos establecida correctamente {"archivo:":"bbdd.php"} []
[2025-11-20T14:30:11.403027+01:00] app.INFO: Conexión con base de datos establecida correctamente {"archivo:":"bbdd.php"} []
[2025-11-20T14:30:16.055132+01:00] app.INFO: Conexión con base de datos establecida correctamente {"archivo:":"bbdd.php"} []
